#
# A fatal error has been detected by the Java Runtime Environment:
#
#  EXCEPTION_ACCESS_VIOLATION (0xc0000005) at pc=0x0000000061799f79, pid=6340, tid=6420
#
# JRE version: Java(TM) SE Runtime Environment (7.0_80-b15) (build 1.7.0_80-b15)
# Java VM: Java HotSpot(TM) 64-Bit Server VM (24.80-b11 mixed mode windows-amd64 compressed oops)
# Problematic frame:
# V  [jvm.dll+0x199f79]
#
# Failed to write core dump. Minidumps are not enabled by default on client versions of Windows
#
# If you would like to submit a bug report, please visit:
#   http://bugreport.java.com/bugreport/crash.jsp
#

---------------  T H R E A D  ---------------

Current thread (0x000000000c471000):  JavaThread "JDWP Transport Listener: dt_socket" daemon [_thread_in_vm, id=6420, stack(0x000000000bff0000,0x000000000c0f0000)]

siginfo: ExceptionCode=0xc0000005, reading address 0x0000000000000000

Registers:
RAX=0x0000000000000000, RBX=0x000000000ac70de0, RCX=0x0000000000000000, RDX=0x0000000000000000
RSP=0x000000000c0eebe0, RBP=0x000000000c0eec49, RSI=0x0000000000000000, RDI=0x000000000ac70de8
R8 =0x000000078104cb98, R9 =0x0000000061de0000, R10=0x0000000000000000, R11=0x0000000000000200
R12=0x000000000c471000, R13=0x000000000c0ef0c0, R14=0x000000000c471000, R15=0x000000000c0ef0c0
RIP=0x0000000061799f79, EFLAGS=0x0000000000010246

Top of Stack: (sp=0x000000000c0eebe0)
0x000000000c0eebe0:   000000000ac70de0 000000000c0eec49
0x000000000c0eebf0:   0000000000000000 0000000000000000
0x000000000c0eec00:   ffffffffffff0101 000000000ac70da8
0x000000000c0eec10:   0000000000000000 000000000c79a3c0
0x000000000c0eec20:   00000007813fda60 00000000616a715d
0x000000000c0eec30:   000000000ac70d28 000000000ac70d58
0x000000000c0eec40:   000000000ac70d58 000000000000000a
0x000000000c0eec50:   000000000c47b950 000000000ac707e0
0x000000000c0eec60:   000000000c0eed50 000000000c0ef0c0
0x000000000c0eec70:   000000000c0ef0c0 000000000c471000
0x000000000c0eec80:   000000000c47b950 000000000ac707e0
0x000000000c0eec90:   0000000000000000 000000000c478150
0x000000000c0eeca0:   000000000c0eed59 000000006179a905
0x000000000c0eecb0:   0000000000000092 0000000000000000
0x000000000c0eecc0:   000000000ac70da8 000000000c471000
0x000000000c0eecd0:   0000000000000000 0000000000000000 

Instructions: (pc=0x0000000061799f79)
0x0000000061799f59:   85 c0 75 05 48 8b c6 eb 10 49 8b 8c 24 20 01 00
0x0000000061799f69:   00 48 8b d0 e8 ee ad e6 ff 48 89 45 c7 4c 8b 03
0x0000000061799f79:   48 8b 08 41 8b 50 3c 85 d2 75 09 41 8b 40 34 89
0x0000000061799f89:   41 3c eb 03 89 51 3c 4d 8b a4 24 18 01 00 00 33 


Register to memory mapping:

RAX=0x0000000000000000 is an unknown value
RBX=0x000000000ac70de0 is an unknown value
RCX=0x0000000000000000 is an unknown value
RDX=0x0000000000000000 is an unknown value
RSP=0x000000000c0eebe0 is pointing into the stack for thread: 0x000000000c471000
RBP=0x000000000c0eec49 is pointing into the stack for thread: 0x000000000c471000
RSI=0x0000000000000000 is an unknown value
RDI=0x000000000ac70de8 is an unknown value
R8 =0x000000078104cb98 is an oop

[error occurred during error reporting (printing register info), id 0xe0000000]

Stack: [0x000000000bff0000,0x000000000c0f0000],  sp=0x000000000c0eebe0,  free space=1018k
Native frames: (J=compiled Java code, j=interpreted, Vv=VM code, C=native code)
V  [jvm.dll+0x199f79]


---------------  P R O C E S S  ---------------

Java Threads: ( => current thread )
  0x000000000d926800 JavaThread "C3P0PooledConnectionPoolManager[identityToken->1hge5gj9ecuynud1xy6q9q|6e5c55b8]-HelperThread-#2" daemon [_thread_blocked, id=5148, stack(0x000000000e130000,0x000000000e230000)]
  0x000000000d924000 JavaThread "C3P0PooledConnectionPoolManager[identityToken->1hge5gj9ecuynud1xy6q9q|6e5c55b8]-HelperThread-#1" daemon [_thread_blocked, id=6908, stack(0x000000000e530000,0x000000000e630000)]
  0x000000000d925800 JavaThread "C3P0PooledConnectionPoolManager[identityToken->1hge5gj9ecuynud1xy6q9q|6e5c55b8]-HelperThread-#0" daemon [_thread_blocked, id=6040, stack(0x000000000e410000,0x000000000e510000)]
  0x000000000d923800 JavaThread "C3P0PooledConnectionPoolManager[identityToken->1hge5gj9ecuynud1xy6q9q|6e5c55b8]-AdminTaskTimer" daemon [_thread_blocked, id=3120, stack(0x000000000df90000,0x000000000e090000)]
  0x000000000d925000 JavaThread "HashSessionScavenger-16" daemon [_thread_blocked, id=5028, stack(0x000000000de70000,0x000000000df70000)]
  0x000000000d922000 JavaThread "qtp1095338126-27" [_thread_blocked, id=6532, stack(0x000000000efd0000,0x000000000f0d0000)]
  0x000000000d921000 JavaThread "qtp1095338126-26" [_thread_blocked, id=6528, stack(0x000000000ede0000,0x000000000eee0000)]
  0x000000000d920800 JavaThread "qtp1095338126-25" [_thread_blocked, id=6524, stack(0x000000000eb20000,0x000000000ec20000)]
  0x000000000d8c4000 JavaThread "qtp1095338126-24" [_thread_blocked, id=6520, stack(0x000000000e960000,0x000000000ea60000)]
  0x000000000c72b000 JavaThread "qtp1095338126-23 Acceptor0 SelectChannelConnector@0.0.0.0:80" [_thread_in_native, id=6516, stack(0x000000000e830000,0x000000000e930000)]
  0x000000000d8b2000 JavaThread "qtp1095338126-22" [_thread_blocked, id=6512, stack(0x000000000e240000,0x000000000e340000)]
  0x000000000d86d800 JavaThread "qtp1095338126-21" [_thread_blocked, id=6508, stack(0x000000000d100000,0x000000000d200000)]
  0x000000000c7c8000 JavaThread "qtp1095338126-20 Selector0" [_thread_in_native, id=6504, stack(0x000000000e630000,0x000000000e730000)]
  0x000000000c65e000 JavaThread "JFinal-Scanner" daemon [_thread_blocked, id=6460, stack(0x000000000d420000,0x000000000d520000)]
  0x000000000c49f800 JavaThread "Service Thread" daemon [_thread_blocked, id=6452, stack(0x000000000cf80000,0x000000000d080000)]
  0x000000000c493000 JavaThread "C2 CompilerThread1" daemon [_thread_blocked, id=6448, stack(0x000000000cd80000,0x000000000ce80000)]
  0x000000000c491800 JavaThread "C2 CompilerThread0" daemon [_thread_blocked, id=6444, stack(0x000000000c260000,0x000000000c360000)]
  0x000000000c48a800 JavaThread "JDWP Command Reader" daemon [_thread_in_native, id=6428, stack(0x000000000ca40000,0x000000000cb40000)]
  0x000000000c480800 JavaThread "JDWP Event Helper Thread" daemon [_thread_blocked, id=6424, stack(0x000000000cbe0000,0x000000000cce0000)]
=>0x000000000c471000 JavaThread "JDWP Transport Listener: dt_socket" daemon [_thread_in_vm, id=6420, stack(0x000000000bff0000,0x000000000c0f0000)]
  0x000000000ac74000 JavaThread "Attach Listener" daemon [_thread_blocked, id=6408, stack(0x000000000c370000,0x000000000c470000)]
  0x000000000ac88800 JavaThread "Signal Dispatcher" daemon [_thread_blocked, id=6404, stack(0x000000000c100000,0x000000000c200000)]
  0x000000000ac15000 JavaThread "Finalizer" daemon [_thread_blocked, id=6400, stack(0x000000000bef0000,0x000000000bff0000)]
  0x000000000ac0e000 JavaThread "Reference Handler" daemon [_thread_blocked, id=6396, stack(0x000000000bba0000,0x000000000bca0000)]
  0x000000000258e000 JavaThread "main" [_thread_blocked, id=6372, stack(0x0000000002650000,0x0000000002750000)]

Other Threads:
  0x000000000ac0a800 VMThread [stack: 0x000000000bd60000,0x000000000be60000] [id=6392]
  0x000000000c4b1800 WatcherThread [stack: 0x000000000d230000,0x000000000d330000] [id=6456]

VM state:not at safepoint (normal execution)

VM Mutex/Monitor currently owned by a thread: None

Heap
 PSYoungGen      total 34304K, used 0K [0x00000007d5c00000, 0x00000007d8380000, 0x0000000800000000)
  eden space 28160K, 0% used [0x00000007d5c00000,0x00000007d5c00000,0x00000007d7780000)
  from space 6144K, 0% used [0x00000007d7d80000,0x00000007d7d80000,0x00000007d8380000)
  to   space 6144K, 0% used [0x00000007d7780000,0x00000007d7780000,0x00000007d7d80000)
 ParOldGen       total 1384448K, used 15694K [0x0000000781400000, 0x00000007d5c00000, 0x00000007d5c00000)
  object space 1384448K, 1% used [0x0000000781400000,0x0000000782353a50,0x00000007d5c00000)
 PSPermGen       total 83968K, used 83967K [0x000000077c200000, 0x0000000781400000, 0x0000000781400000)
  object space 83968K, 99% used [0x000000077c200000,0x00000007813ffff0,0x0000000781400000)

Card table byte_map: [0x00000000057e0000,0x0000000005c00000] byte_map_base: 0x0000000001bff000

Polling page: 0x0000000000120000

Code Cache  [0x00000000027e0000, 0x0000000002ba0000, 0x00000000057e0000)
 total_blobs=1383 nmethods=1024 adapters=319 free_code_cache=45425Kb largest_free_block=46451328

Compilation events (10 events):
Event: 3660.290 Thread 0x000000000c491800 1104             com.mysql.jdbc.Buffer::readFieldLength (76 bytes)
Event: 3660.291 Thread 0x000000000c491800 nmethod 1104 0x0000000002b85890 code [0x0000000002b85a00, 0x0000000002b85b88]
Event: 3685.188 Thread 0x000000000c493000 1105             java.lang.Integer::<init> (10 bytes)
Event: 3685.189 Thread 0x000000000c493000 nmethod 1105 0x0000000002b4ea90 code [0x0000000002b4ebc0, 0x0000000002b4ec18]
Event: 3685.196 Thread 0x000000000c491800 1106             sun.reflect.ClassFileAssembler::cpi (22 bytes)
Event: 3685.197 Thread 0x000000000c491800 nmethod 1106 0x0000000002b62110 code [0x0000000002b62240, 0x0000000002b622b8]
Event: 3685.205 Thread 0x000000000c493000 1107             com.mysql.jdbc.Buffer::fastSkipLenString (20 bytes)
Event: 3685.205 Thread 0x000000000c491800 1108             com.mysql.jdbc.MysqlIO::adjustStartForFieldLength (47 bytes)
Event: 3685.206 Thread 0x000000000c491800 nmethod 1108 0x0000000002b61e10 code [0x0000000002b61f40, 0x0000000002b61fb8]
Event: 3685.206 Thread 0x000000000c493000 nmethod 1107 0x0000000002b7b8d0 code [0x0000000002b7ba40, 0x0000000002b7bbe8]

GC Heap History (10 events):
Event: 3690.842 GC heap before
{Heap before GC invocations=59 (full 15):
 PSYoungGen      total 33280K, used 0K [0x00000007d5c00000, 0x00000007d8380000, 0x0000000800000000)
  eden space 27136K, 0% used [0x00000007d5c00000,0x00000007d5c00000,0x00000007d7680000)
  from space 6144K, 0% used [0x00000007d7d80000,0x00000007d7d80000,0x00000007d8380000)
  to   space 6656K, 0% used [0x00000007d7680000,0x00000007d7680000,0x00000007d7d00000)
 ParOldGen       total 1384448K, used 15728K [0x0000000781400000, 0x00000007d5c00000, 0x00000007d5c00000)
  object space 1384448K, 1% used [0x0000000781400000,0x000000078235c160,0x00000007d5c00000)
 PSPermGen       total 83968K, used 83966K [0x000000077c200000, 0x0000000781400000, 0x0000000781400000)
  object space 83968K, 99% used [0x000000077c200000,0x00000007813ffbd0,0x0000000781400000)
Event: 3690.920 GC heap after
Heap after GC invocations=59 (full 15):
 PSYoungGen      total 33280K, used 0K [0x00000007d5c00000, 0x00000007d8380000, 0x0000000800000000)
  eden space 27136K, 0% used [0x00000007d5c00000,0x00000007d5c00000,0x00000007d7680000)
  from space 6144K, 0% used [0x00000007d7d80000,0x00000007d7d80000,0x00000007d8380000)
  to   space 6656K, 0% used [0x00000007d7680000,0x00000007d7680000,0x00000007d7d00000)
 ParOldGen       total 1384448K, used 15694K [0x0000000781400000, 0x00000007d5c00000, 0x00000007d5c00000)
  object space 1384448K, 1% used [0x0000000781400000,0x0000000782353a50,0x00000007d5c00000)
 PSPermGen       total 83968K, used 83961K [0x000000077c200000, 0x0000000781400000, 0x0000000781400000)
  object space 83968K, 99% used [0x000000077c200000,0x00000007813fe428,0x0000000781400000)
}
Event: 3690.920 GC heap before
{Heap before GC invocations=60 (full 15):
 PSYoungGen      total 33280K, used 2K [0x00000007d5c00000, 0x00000007d8380000, 0x0000000800000000)
  eden space 27136K, 0% used [0x00000007d5c00000,0x00000007d5c00930,0x00000007d7680000)
  from space 6144K, 0% used [0x00000007d7d80000,0x00000007d7d80000,0x00000007d8380000)
  to   space 6656K, 0% used [0x00000007d7680000,0x00000007d7680000,0x00000007d7d00000)
 ParOldGen       total 1384448K, used 15694K [0x0000000781400000, 0x00000007d5c00000, 0x00000007d5c00000)
  object space 1384448K, 1% used [0x0000000781400000,0x0000000782353a50,0x00000007d5c00000)
 PSPermGen       total 83968K, used 83967K [0x000000077c200000, 0x0000000781400000, 0x0000000781400000)
  object space 83968K, 99% used [0x000000077c200000,0x00000007813ffff0,0x0000000781400000)
Event: 3690.922 GC heap after
Heap after GC invocations=60 (full 15):
 PSYoungGen      total 33792K, used 32K [0x00000007d5c00000, 0x00000007d8400000, 0x0000000800000000)
  eden space 27136K, 0% used [0x00000007d5c00000,0x00000007d5c00000,0x00000007d7680000)
  from space 6656K, 0% used [0x00000007d7680000,0x00000007d7688000,0x00000007d7d00000)
  to   space 6656K, 0% used [0x00000007d7d80000,0x00000007d7d80000,0x00000007d8400000)
 ParOldGen       total 1384448K, used 15694K [0x0000000781400000, 0x00000007d5c00000, 0x00000007d5c00000)
  object space 1384448K, 1% used [0x0000000781400000,0x0000000782353a50,0x00000007d5c00000)
 PSPermGen       total 83968K, used 83967K [0x000000077c200000, 0x0000000781400000, 0x0000000781400000)
  object space 83968K, 99% used [0x000000077c200000,0x00000007813ffff0,0x0000000781400000)
}
Event: 3690.922 GC heap before
{Heap before GC invocations=61 (full 16):
 PSYoungGen      total 33792K, used 32K [0x00000007d5c00000, 0x00000007d8400000, 0x0000000800000000)
  eden space 27136K, 0% used [0x00000007d5c00000,0x00000007d5c00000,0x00000007d7680000)
  from space 6656K, 0% used [0x00000007d7680000,0x00000007d7688000,0x00000007d7d00000)
  to   space 6656K, 0% used [0x00000007d7d80000,0x00000007d7d80000,0x00000007d8400000)
 ParOldGen       total 1384448K, used 15694K [0x0000000781400000, 0x00000007d5c00000, 0x00000007d5c00000)
  object space 1384448K, 1% used [0x0000000781400000,0x0000000782353a50,0x00000007d5c00000)
 PSPermGen       total 83968K, used 83967K [0x000000077c200000, 0x0000000781400000, 0x0000000781400000)
  object space 83968K, 99% used [0x000000077c200000,0x00000007813ffff0,0x0000000781400000)
Event: 3690.992 GC heap after
Heap after GC invocations=61 (full 16):
 PSYoungGen      total 33792K, used 0K [0x00000007d5c00000, 0x00000007d8400000, 0x0000000800000000)
  eden space 27136K, 0% used [0x00000007d5c00000,0x00000007d5c00000,0x00000007d7680000)
  from space 6656K, 0% used [0x00000007d7680000,0x00000007d7680000,0x00000007d7d00000)
  to   space 6656K, 0% used [0x00000007d7d80000,0x00000007d7d80000,0x00000007d8400000)
 ParOldGen       total 1384448K, used 15694K [0x0000000781400000, 0x00000007d5c00000, 0x00000007d5c00000)
  object space 1384448K, 1% used [0x0000000781400000,0x0000000782353a50,0x00000007d5c00000)
 PSPermGen       total 83968K, used 83967K [0x000000077c200000, 0x0000000781400000, 0x0000000781400000)
  object space 83968K, 99% used [0x000000077c200000,0x00000007813ffff0,0x0000000781400000)
}
Event: 3690.992 GC heap before
{Heap before GC invocations=62 (full 16):
 PSYoungGen      total 33792K, used 0K [0x00000007d5c00000, 0x00000007d8400000, 0x0000000800000000)
  eden space 27136K, 0% used [0x00000007d5c00000,0x00000007d5c00000,0x00000007d7680000)
  from space 6656K, 0% used [0x00000007d7680000,0x00000007d7680000,0x00000007d7d00000)
  to   space 6656K, 0% used [0x00000007d7d80000,0x00000007d7d80000,0x00000007d8400000)
 ParOldGen       total 1384448K, used 15694K [0x0000000781400000, 0x00000007d5c00000, 0x00000007d5c00000)
  object space 1384448K, 1% used [0x0000000781400000,0x0000000782353a50,0x00000007d5c00000)
 PSPermGen       total 83968K, used 83967K [0x000000077c200000, 0x0000000781400000, 0x0000000781400000)
  object space 83968K, 99% used [0x000000077c200000,0x00000007813ffff0,0x0000000781400000)
Event: 3691.029 GC heap after
Heap after GC invocations=62 (full 16):
 PSYoungGen      total 34304K, used 0K [0x00000007d5c00000, 0x00000007d8380000, 0x0000000800000000)
  eden space 28160K, 0% used [0x00000007d5c00000,0x00000007d5c00000,0x00000007d7780000)
  from space 6144K, 0% used [0x00000007d7d80000,0x00000007d7d80000,0x00000007d8380000)
  to   space 6144K, 0% used [0x00000007d7780000,0x00000007d7780000,0x00000007d7d80000)
 ParOldGen       total 1384448K, used 15694K [0x0000000781400000, 0x00000007d5c00000, 0x00000007d5c00000)
  object space 1384448K, 1% used [0x0000000781400000,0x0000000782353a50,0x00000007d5c00000)
 PSPermGen       total 83968K, used 83967K [0x000000077c200000, 0x0000000781400000, 0x0000000781400000)
  object space 83968K, 99% used [0x000000077c200000,0x00000007813ffff0,0x0000000781400000)
}
Event: 3691.029 GC heap before
{Heap before GC invocations=63 (full 17):
 PSYoungGen      total 34304K, used 0K [0x00000007d5c00000, 0x00000007d8380000, 0x0000000800000000)
  eden space 28160K, 0% used [0x00000007d5c00000,0x00000007d5c00000,0x00000007d7780000)
  from space 6144K, 0% used [0x00000007d7d80000,0x00000007d7d80000,0x00000007d8380000)
  to   space 6144K, 0% used [0x00000007d7780000,0x00000007d7780000,0x00000007d7d80000)
 ParOldGen       total 1384448K, used 15694K [0x0000000781400000, 0x00000007d5c00000, 0x00000007d5c00000)
  object space 1384448K, 1% used [0x0000000781400000,0x0000000782353a50,0x00000007d5c00000)
 PSPermGen       total 83968K, used 83967K [0x000000077c200000, 0x0000000781400000, 0x0000000781400000)
  object space 83968K, 99% used [0x000000077c200000,0x00000007813ffff0,0x0000000781400000)
Event: 3691.099 GC heap after
Heap after GC invocations=63 (full 17):
 PSYoungGen      total 34304K, used 0K [0x00000007d5c00000, 0x00000007d8380000, 0x0000000800000000)
  eden space 28160K, 0% used [0x00000007d5c00000,0x00000007d5c00000,0x00000007d7780000)
  from space 6144K, 0% used [0x00000007d7d80000,0x00000007d7d80000,0x00000007d8380000)
  to   space 6144K, 0% used [0x00000007d7780000,0x00000007d7780000,0x00000007d7d80000)
 ParOldGen       total 1384448K, used 15694K [0x0000000781400000, 0x00000007d5c00000, 0x00000007d5c00000)
  object space 1384448K, 1% used [0x0000000781400000,0x0000000782353a50,0x00000007d5c00000)
 PSPermGen       total 83968K, used 83967K [0x000000077c200000, 0x0000000781400000, 0x0000000781400000)
  object space 83968K, 99% used [0x000000077c200000,0x00000007813ffff0,0x0000000781400000)
}

Deoptimization events (10 events):
Event: 3685.171 Thread 0x000000000d924000 Uncommon trap: reason=unhandled action=none pc=0x0000000002924074 method=java.lang.Integer.parseInt(Ljava/lang/String;I)I @ 204
Event: 3685.172 Thread 0x000000000d925800 Uncommon trap: reason=unhandled action=none pc=0x0000000002924074 method=java.lang.Integer.parseInt(Ljava/lang/String;I)I @ 204
Event: 3685.173 Thread 0x000000000d926800 Uncommon trap: reason=unhandled action=none pc=0x0000000002924074 method=java.lang.Integer.parseInt(Ljava/lang/String;I)I @ 204
Event: 3685.188 Thread 0x000000000d924000 Uncommon trap: reason=unhandled action=none pc=0x0000000002924074 method=java.lang.Integer.parseInt(Ljava/lang/String;I)I @ 204
Event: 3685.189 Thread 0x000000000d925800 Uncommon trap: reason=unhandled action=none pc=0x0000000002924074 method=java.lang.Integer.parseInt(Ljava/lang/String;I)I @ 204
Event: 3685.189 Thread 0x000000000d926800 Uncommon trap: reason=unhandled action=none pc=0x0000000002924074 method=java.lang.Integer.parseInt(Ljava/lang/String;I)I @ 204
Event: 3685.207 Thread 0x000000000d925800 Uncommon trap: reason=unhandled action=none pc=0x0000000002924074 method=java.lang.Integer.parseInt(Ljava/lang/String;I)I @ 204
Event: 3685.207 Thread 0x000000000d924000 Uncommon trap: reason=unhandled action=none pc=0x0000000002924074 method=java.lang.Integer.parseInt(Ljava/lang/String;I)I @ 204
Event: 3685.207 Thread 0x000000000d926800 Uncommon trap: reason=unhandled action=none pc=0x0000000002924074 method=java.lang.Integer.parseInt(Ljava/lang/String;I)I @ 204
Event: 3685.214 Thread 0x000000000d925800 Uncommon trap: reason=unhandled action=none pc=0x0000000002924074 method=java.lang.Integer.parseInt(Ljava/lang/String;I)I @ 204

Internal exceptions (10 events):
Event: 3460.777 Thread 0x000000000c65e000 Threw 0x00000007d5c0e400 at C:\re\jdk7u80\2329\hotspot\src\share\vm\prims\jvm.cpp:1319
Event: 3461.046 Thread 0x000000000c65e000 Threw 0x000000077c2a9028 at C:\re\jdk7u80\2329\hotspot\src\share\vm\gc_interface/collectedHeap.inline.hpp:225
Event: 3461.292 Thread 0x000000000c65e000 Threw 0x000000077c2a9028 at C:\re\jdk7u80\2329\hotspot\src\share\vm\prims\jvm.cpp:1323
Event: 3461.292 Thread 0x000000000c65e000 Threw 0x000000077c2a9028 at C:\re\jdk7u80\2329\hotspot\src\share\vm\prims\jvm.cpp:1323
Event: 3461.292 Thread 0x000000000c65e000 Threw 0x000000077c2a9028 at C:\re\jdk7u80\2329\hotspot\src\share\vm\oops\instanceKlass.cpp:548
Event: 3461.292 Thread 0x000000000c65e000 Threw 0x000000077c2a9028 at C:\re\jdk7u80\2329\hotspot\src\share\vm\oops\instanceKlass.cpp:548
Event: 3461.292 Thread 0x000000000c65e000 Threw 0x000000077c2a9028 at C:\re\jdk7u80\2329\hotspot\src\share\vm\oops\instanceKlass.cpp:548
Event: 3461.292 Thread 0x000000000c65e000 Threw 0x000000077c2a9028 at C:\re\jdk7u80\2329\hotspot\src\share\vm\oops\instanceKlass.cpp:548
Event: 3635.627 Thread 0x000000000c471000 Threw 0x000000077c2a9008 at C:\re\jdk7u80\2329\hotspot\src\share\vm\gc_interface/collectedHeap.inline.hpp:225
Event: 3691.099 Thread 0x000000000c471000 Threw 0x000000077c2a8fe8 at C:\re\jdk7u80\2329\hotspot\src\share\vm\gc_interface/collectedHeap.inline.hpp:225

Events (10 events):
Event: 3685.214 Thread 0x000000000d925800 DEOPT PACKING pc=0x0000000002924074 sp=0x000000000e50edc0
Event: 3685.214 Thread 0x000000000d925800 DEOPT UNPACKING pc=0x00000000028175a4 sp=0x000000000e50ed68 mode 2
Event: 3685.215 Executing VM operation: BulkRevokeBias
Event: 3685.215 Executing VM operation: BulkRevokeBias done
Event: 3690.684 Executing VM operation: ParallelGCFailedPermanentAllocation
Event: 3690.758 Executing VM operation: ParallelGCFailedPermanentAllocation done
Event: 3690.758 Executing VM operation: ParallelGCFailedPermanentAllocation
Event: 3690.920 Executing VM operation: ParallelGCFailedPermanentAllocation done
Event: 3690.920 Executing VM operation: ParallelGCFailedPermanentAllocation
Event: 3691.099 Executing VM operation: ParallelGCFailedPermanentAllocation done


Dynamic libraries:
0x000000013f560000 - 0x000000013f593000 	D:\Work\jre\bin\javaw.exe
0x0000000077ba0000 - 0x0000000077d49000 	C:\Windows\SYSTEM32\ntdll.dll
0x0000000077980000 - 0x0000000077aa0000 	C:\Windows\system32\kernel32.dll
0x000007fefdb50000 - 0x000007fefdbbc000 	C:\Windows\system32\KERNELBASE.dll
0x000007fefe630000 - 0x000007fefe70b000 	C:\Windows\system32\ADVAPI32.dll
0x000007fefeb70000 - 0x000007fefec0f000 	C:\Windows\system32\msvcrt.dll
0x000007feffb80000 - 0x000007feffb9f000 	C:\Windows\SYSTEM32\sechost.dll
0x000007feffba0000 - 0x000007feffccd000 	C:\Windows\system32\RPCRT4.dll
0x0000000077aa0000 - 0x0000000077b9a000 	C:\Windows\system32\USER32.dll
0x000007fefe730000 - 0x000007fefe797000 	C:\Windows\system32\GDI32.dll
0x000007fefe720000 - 0x000007fefe72e000 	C:\Windows\system32\LPK.dll
0x000007feffde0000 - 0x000007feffeaa000 	C:\Windows\system32\USP10.dll
0x000007fefc510000 - 0x000007fefc704000 	C:\Windows\WinSxS\amd64_microsoft.windows.common-controls_6595b64144ccf1df_6.0.7601.18837_none_fa3b1e3d17594757\COMCTL32.dll
0x000007fefe7a0000 - 0x000007fefe811000 	C:\Windows\system32\SHLWAPI.dll
0x000007fefe3b0000 - 0x000007fefe3de000 	C:\Windows\system32\IMM32.DLL
0x000007feffcd0000 - 0x000007feffdd9000 	C:\Windows\system32\MSCTF.dll
0x0000000061de0000 - 0x0000000061eb2000 	D:\Work\jre\bin\msvcr100.dll
0x0000000061600000 - 0x0000000061dd9000 	D:\Work\jre\bin\server\jvm.dll
0x000007fef4a20000 - 0x000007fef4a29000 	C:\Windows\system32\WSOCK32.dll
0x000007fefea80000 - 0x000007fefeacd000 	C:\Windows\system32\WS2_32.dll
0x000007fefe710000 - 0x000007fefe718000 	C:\Windows\system32\NSI.dll
0x000007fef55c0000 - 0x000007fef55fb000 	C:\Windows\system32\WINMM.dll
0x0000000077d70000 - 0x0000000077d77000 	C:\Windows\system32\PSAPI.DLL
0x0000000067500000 - 0x000000006750f000 	D:\Work\jre\bin\verify.dll
0x0000000067470000 - 0x0000000067498000 	D:\Work\jre\bin\java.dll
0x000000006b230000 - 0x000000006b265000 	D:\Work\jre\bin\jdwp.dll
0x000000006b5e0000 - 0x000000006b5e8000 	D:\Work\jre\bin\npt.dll
0x00000000674e0000 - 0x00000000674f6000 	D:\Work\jre\bin\zip.dll
0x000000006b220000 - 0x000000006b229000 	D:\Work\jre\bin\dt_socket.dll
0x000007fefb700000 - 0x000007fefb715000 	C:\Windows\system32\NLAapi.dll
0x000007fef9830000 - 0x000007fef9845000 	C:\Windows\system32\napinsp.dll
0x000007fef9810000 - 0x000007fef9829000 	C:\Windows\system32\pnrpnsp.dll
0x000007fefd2d0000 - 0x000007fefd325000 	C:\Windows\System32\mswsock.dll
0x000007fefd150000 - 0x000007fefd1ab000 	C:\Windows\system32\DNSAPI.dll
0x000007fef9800000 - 0x000007fef980b000 	C:\Windows\System32\winrnr.dll
0x000007fefb540000 - 0x000007fefb567000 	C:\Windows\system32\IPHLPAPI.DLL
0x000007fefb520000 - 0x000007fefb52b000 	C:\Windows\system32\WINNSI.DLL
0x000007fefb020000 - 0x000007fefb073000 	C:\Windows\System32\fwpuclnt.dll
0x000007fef50f0000 - 0x000007fef50f8000 	C:\Windows\system32\rasadhlp.dll
0x000007fefccd0000 - 0x000007fefccd7000 	C:\Windows\System32\wshtcpip.dll
0x0000000067450000 - 0x000000006746a000 	D:\Work\JRE\bin\net.dll
0x000007fefd2c0000 - 0x000007fefd2c7000 	C:\Windows\System32\wship6.dll
0x0000000067430000 - 0x0000000067441000 	D:\Work\JRE\bin\nio.dll
0x000007fefd330000 - 0x000007fefd347000 	C:\Windows\system32\CRYPTSP.dll
0x000007fefd030000 - 0x000007fefd077000 	C:\Windows\system32\rsaenh.dll
0x000007fefcde0000 - 0x000007fefcdfe000 	C:\Windows\system32\USERENV.dll
0x000007fefdaa0000 - 0x000007fefdaaf000 	C:\Windows\system32\profapi.dll
0x000007fefd9d0000 - 0x000007fefd9df000 	C:\Windows\system32\CRYPTBASE.dll
0x000007fefaf80000 - 0x000007fefaf91000 	C:\Windows\system32\dhcpcsvc6.DLL
0x000007fefaf60000 - 0x000007fefaf78000 	C:\Windows\system32\dhcpcsvc.DLL
0x00000000697d0000 - 0x00000000697db000 	D:\Work\JRE\bin\management.dll
0x000007fef9bc0000 - 0x000007fef9ce5000 	C:\Windows\system32\dbghelp.dll

VM Arguments:
jvm_args: -agentlib:jdwp=transport=dt_socket,suspend=y,address=localhost:53360 -Dfile.encoding=UTF-8 
java_command: com.jfinal.core.JFinal
Launcher Type: SUN_STANDARD

Environment Variables:
JAVA_HOME=D:\Work\JDK
CLASSPATH=.;D:\Work\JDK\lib;D:\Work\JDK\lib\tools.jar
PATH=D:\Work\jre\bin;C:\Windows\system32;C:\Windows;C:\Windows\System32\Wbem;C:\Windows\System32\WindowsPowerShell\v1.0\;D:\Work\JDK\bin;D:\Work\JDK\jre\bin;D:\Work\play-1.2.7;D:\Work\maven\apache-maven-3.2.5\bin;D:\Work\tomcat7\lib;D:\Work\tomcat7\bin;D:\Work\apache-ant-1.9.6\bin;
USERNAME=pc
OS=Windows_NT
PROCESSOR_IDENTIFIER=Intel64 Family 6 Model 60 Stepping 3, GenuineIntel



---------------  S Y S T E M  ---------------

OS: Windows 7 , 64 bit Build 7601 Service Pack 1

CPU:total 4 (4 cores per cpu, 1 threads per core) family 6 model 60 stepping 3, cmov, cx8, fxsr, mmx, sse, sse2, sse3, ssse3, sse4.1, sse4.2, popcnt, avx, avx2, aes, erms, tsc, tscinvbit

Memory: 4k page, physical 8299572k(3650948k free), swap 16597308k(9872548k free)

vm_info: Java HotSpot(TM) 64-Bit Server VM (24.80-b11) for windows-amd64 JRE (1.7.0_80-b15), built on Apr 10 2015 11:26:34 by "java_re" with unknown MS VC++:1600

time: Mon Jan 11 09:46:17 2016
elapsed time: 3691 seconds

